mode: set
github.com/pradist/coding-challenges/ccwc/ccwc.go:8.47,10.16 2 1
github.com/pradist/coding-challenges/ccwc/ccwc.go:10.16,12.3 1 1
github.com/pradist/coding-challenges/ccwc/ccwc.go:13.2,17.21 4 1
github.com/pradist/coding-challenges/ccwc/ccwc.go:17.21,19.3 1 1
github.com/pradist/coding-challenges/ccwc/ccwc.go:20.2,20.38 1 1
github.com/pradist/coding-challenges/ccwc/ccwc.go:20.38,22.3 1 1
github.com/pradist/coding-challenges/ccwc/ccwc.go:23.2,23.23 1 1
github.com/pradist/coding-challenges/ccwc/ccwc.go:26.50,28.2 1 1
